<?xml version="1.0" encoding="UTF-8"?>
<testsuite xmlns:xsi="http://www.w3.org/2001/XMLSchema-instance" xsi:noNamespaceSchemaLocation="https://maven.apache.org/surefire/maven-surefire-plugin/xsd/surefire-test-report.xsd" name="com.example.junit.service.UserServiceTest" time="0.151" tests="15" errors="0" skipped="1" failures="0">
  <properties>
[...]
</properties>
  <testcase name="usersSizeIfUserAdded" classname="com.example.junit.service.UserServiceTest" time="0.051"/>
  <testcase name="usersConvertedToMapById" classname="com.example.junit.service.UserServiceTest" time="0.007"/>
  <testcase name="usersEmptyIfNoUserAdded" classname="com.example.junit.service.UserServiceTest" time="0.002"/>
  <testcase name="loginSuccessIfUserExists" classname="com.example.junit.service.UserServiceTest$LoginTest" time="0.004"/>
  <testcase name="logicFailIfPasswordIsNotCorrect" classname="com.example.junit.service.UserServiceTest$LoginTest" time="0">
    <skipped message="www"/>
  </testcase>
  <testcase name="logicFailIfUserDoesNotExist[1]" classname="com.example.junit.service.UserServiceTest$LoginTest" time="0.002"/>
  <testcase name="logicFailIfUserDoesNotExist[2]" classname="com.example.junit.service.UserServiceTest$LoginTest" time="0.001"/>
  <testcase name="logicFailIfUserDoesNotExist[3]" classname="com.example.junit.service.UserServiceTest$LoginTest" time="0.002"/>
  <testcase name="logicFailIfUserDoesNotExist[4]" classname="com.example.junit.service.UserServiceTest$LoginTest" time="0.002"/>
  <testcase name="logicFailIfUserDoesNotExist[5]" classname="com.example.junit.service.UserServiceTest$LoginTest" time="0.001"/>
  <testcase name="throwExceptionIfUsernameOrPasswordIsNull" classname="com.example.junit.service.UserServiceTest$LoginTest" time="0.005"/>
  <testcase name="loginParameterizedTest{String, String, Optional}[1]" classname="com.example.junit.service.UserServiceTest$LoginTest" time="0.013"/>
  <testcase name="loginParameterizedTest{String, String, Optional}[2]" classname="com.example.junit.service.UserServiceTest$LoginTest" time="0.001"/>
  <testcase name="loginParameterizedTest{String, String, Optional}[3]" classname="com.example.junit.service.UserServiceTest$LoginTest" time="0.001"/>
  <testcase name="loginParameterizedTest{String, String, Optional}[4]" classname="com.example.junit.service.UserServiceTest$LoginTest" time="0.001"/>
</testsuite>